<?xml version="1.0" encoding="UTF-8"?>
<coverage generated="1787144007841" clover="3.2.0">
  <project timestamp="1787144007841" name="All files">
    <metrics statements="84" coveredstatements="84" conditionals="56" coveredconditionals="56" methods="12" coveredmethods="12" elements="152" coveredelements="152" complexity="0" loc="84" ncloc="84" packages="1" files="2" classes="2"/>
    <file name="fsrs.ts" path="/app/applet/src/utils/fsrs.ts">
      <metrics statements="44" coveredstatements="44" conditionals="22" coveredconditionals="22" methods="8" coveredmethods="8"/>
      <line num="3" count="1" type="stmt"/>
      <line num="8" count="1" type="stmt"/>
      <line num="19" count="21" type="stmt"/>
      <line num="23" count="10" type="stmt"/>
      <line num="24" count="10" type="stmt"/>
      <line num="28" count="4" type="stmt"/>
      <line num="29" count="4" type="stmt"/>
      <line num="30" count="4" type="stmt"/>
      <line num="31" count="4" type="stmt"/>
      <line num="35" count="3" type="stmt"/>
      <line num="39" count="5" type="cond" truecount="2" falsecount="0"/>
      <line num="40" count="5" type="cond" truecount="2" falsecount="0"/>
      <line num="41" count="5" type="stmt"/>
      <line num="43" count="5" type="stmt"/>
      <line num="51" count="5" type="stmt"/>
      <line num="55" count="2" type="stmt"/>
      <line num="69" count="6" type="cond" truecount="2" falsecount="0"/>
      <line num="70" count="4" type="stmt"/>
      <line num="71" count="4" type="stmt"/>
      <line num="72" count="4" type="cond" truecount="2" falsecount="0"/>
      <line num="73" count="4" type="cond" truecount="2" falsecount="0"/>
      <line num="74" count="2" type="cond" truecount="2" falsecount="0"/>
      <line num="76" count="1" type="stmt"/>
      <line num="77" count="1" type="stmt"/>
      <line num="78" count="1" type="stmt"/>
      <line num="79" count="1" type="stmt"/>
      <line num="80" count="1" type="stmt"/>
      <line num="82" count="1" type="stmt"/>
      <line num="83" count="1" type="stmt"/>
      <line num="84" count="1" type="stmt"/>
      <line num="85" count="1" type="stmt"/>
      <line num="86" count="1" type="stmt"/>
      <line num="87" count="1" type="stmt"/>
      <line num="88" count="1" type="stmt"/>
      <line num="91" count="6" type="stmt"/>
      <line num="92" count="6" type="stmt"/>
      <line num="93" count="6" type="cond" truecount="2" falsecount="0"/>
      <line num="95" count="2" type="stmt"/>
      <line num="98" count="6" type="stmt"/>
      <line num="108" count="7" type="cond" truecount="2" falsecount="0"/>
      <line num="109" count="6" type="cond" truecount="2" falsecount="0"/>
      <line num="110" count="5" type="cond" truecount="2" falsecount="0"/>
      <line num="111" count="4" type="cond" truecount="2" falsecount="0"/>
      <line num="112" count="2" type="stmt"/>
    </file>
    <file name="gardenData.ts" path="/app/applet/src/utils/gardenData.ts">
      <metrics statements="40" coveredstatements="40" conditionals="34" coveredconditionals="34" methods="4" coveredmethods="4"/>
      <line num="19" count="1" type="stmt"/>
      <line num="142" count="1" type="stmt"/>
      <line num="180" count="1" type="stmt"/>
      <line num="182" count="1" type="stmt"/>
      <line num="195" count="11" type="stmt"/>
      <line num="196" count="11" type="cond" truecount="2" falsecount="0"/>
      <line num="197" count="4" type="cond" truecount="2" falsecount="0"/>
      <line num="198" count="3" type="cond" truecount="2" falsecount="0"/>
      <line num="199" count="2" type="cond" truecount="2" falsecount="0"/>
      <line num="200" count="1" type="stmt"/>
      <line num="201" count="7" type="cond" truecount="2" falsecount="0"/>
      <line num="202" count="4" type="cond" truecount="2" falsecount="0"/>
      <line num="203" count="3" type="cond" truecount="2" falsecount="0"/>
      <line num="204" count="2" type="cond" truecount="2" falsecount="0"/>
      <line num="205" count="1" type="stmt"/>
      <line num="207" count="3" type="cond" truecount="2" falsecount="0"/>
      <line num="208" count="2" type="cond" truecount="2" falsecount="0"/>
      <line num="209" count="1" type="stmt"/>
      <line num="214" count="11" type="stmt"/>
      <line num="217" count="11" type="stmt"/>
      <line num="219" count="11" type="stmt"/>
      <line num="220" count="176" type="stmt"/>
      <line num="222" count="176" type="stmt"/>
      <line num="223" count="176" type="cond" truecount="2" falsecount="0"/>
      <line num="225" count="176" type="stmt"/>
      <line num="233" count="11" type="stmt"/>
      <line num="234" count="11" type="stmt"/>
      <line num="246" count="11" type="stmt"/>
      <line num="248" count="11" type="stmt"/>
      <line num="265" count="1" type="stmt"/>
      <line num="268" count="7" type="stmt"/>
      <line num="269" count="7" type="stmt"/>
      <line num="270" count="7" type="cond" truecount="2" falsecount="0"/>
      <line num="271" count="5" type="stmt"/>
      <line num="273" count="5" type="cond" truecount="4" falsecount="0"/>
      <line num="274" count="2" type="stmt"/>
      <line num="283" count="5" type="stmt"/>
      <line num="287" count="2" type="stmt"/>
      <line num="288" count="2" type="stmt"/>
      <line num="292" count="1" type="stmt"/>
    </file>
  </project>
</coverage>
