{"/app/applet/src/utils/fsrs.ts": {"path":"/app/applet/src/utils/fsrs.ts","statementMap":{"0":{"start":{"line":3,"column":20},"end":{"line":6,"column":null}},"1":{"start":{"line":8,"column":22},"end":{"line":8,"column":null}},"2":{"start":{"line":19,"column":2},"end":{"line":19,"column":null}},"3":{"start":{"line":23,"column":12},"end":{"line":23,"column":null}},"4":{"start":{"line":24,"column":2},"end":{"line":24,"column":null}},"5":{"start":{"line":28,"column":13},"end":{"line":28,"column":null}},"6":{"start":{"line":29,"column":17},"end":{"line":29,"column":null}},"7":{"start":{"line":30,"column":23},"end":{"line":30,"column":null}},"8":{"start":{"line":31,"column":2},"end":{"line":31,"column":null}},"9":{"start":{"line":35,"column":2},"end":{"line":35,"column":null}},"10":{"start":{"line":39,"column":22},"end":{"line":39,"column":null}},"11":{"start":{"line":40,"column":20},"end":{"line":40,"column":null}},"12":{"start":{"line":41,"column":24},"end":{"line":41,"column":null}},"13":{"start":{"line":43,"column":4},"end":{"line":50,"column":null}},"14":{"start":{"line":51,"column":2},"end":{"line":51,"column":null}},"15":{"start":{"line":55,"column":2},"end":{"line":59,"column":null}},"16":{"start":{"line":69,"column":2},"end":{"line":89,"column":null}},"17":{"start":{"line":70,"column":4},"end":{"line":70,"column":null}},"18":{"start":{"line":71,"column":4},"end":{"line":71,"column":null}},"19":{"start":{"line":72,"column":4},"end":{"line":72,"column":null}},"20":{"start":{"line":73,"column":4},"end":{"line":73,"column":null}},"21":{"start":{"line":74,"column":2},"end":{"line":89,"column":null}},"22":{"start":{"line":76,"column":14},"end":{"line":76,"column":null}},"23":{"start":{"line":77,"column":4},"end":{"line":77,"column":null}},"24":{"start":{"line":78,"column":4},"end":{"line":78,"column":null}},"25":{"start":{"line":79,"column":4},"end":{"line":79,"column":null}},"26":{"start":{"line":80,"column":4},"end":{"line":80,"column":null}},"27":{"start":{"line":82,"column":24},"end":{"line":82,"column":null}},"28":{"start":{"line":83,"column":14},"end":{"line":83,"column":null}},"29":{"start":{"line":84,"column":14},"end":{"line":84,"column":null}},"30":{"start":{"line":85,"column":4},"end":{"line":85,"column":null}},"31":{"start":{"line":86,"column":4},"end":{"line":86,"column":null}},"32":{"start":{"line":87,"column":4},"end":{"line":87,"column":null}},"33":{"start":{"line":88,"column":4},"end":{"line":88,"column":null}},"34":{"start":{"line":91,"column":21},"end":{"line":91,"column":null}},"35":{"start":{"line":92,"column":2},"end":{"line":92,"column":null}},"36":{"start":{"line":93,"column":2},"end":{"line":96,"column":null}},"37":{"start":{"line":95,"column":4},"end":{"line":95,"column":null}},"38":{"start":{"line":98,"column":2},"end":{"line":104,"column":null}},"39":{"start":{"line":108,"column":2},"end":{"line":108,"column":null}},"40":{"start":{"line":108,"column":18},"end":{"line":108,"column":null}},"41":{"start":{"line":109,"column":2},"end":{"line":109,"column":null}},"42":{"start":{"line":109,"column":18},"end":{"line":109,"column":null}},"43":{"start":{"line":110,"column":2},"end":{"line":110,"column":null}},"44":{"start":{"line":110,"column":17},"end":{"line":110,"column":null}},"45":{"start":{"line":111,"column":2},"end":{"line":111,"column":null}},"46":{"start":{"line":111,"column":18},"end":{"line":111,"column":null}},"47":{"start":{"line":112,"column":2},"end":{"line":112,"column":null}}},"fnMap":{"0":{"name":"clampDifficulty","decl":{"start":{"line":18,"column":16},"end":{"line":18,"column":32}},"loc":{"start":{"line":18,"column":51},"end":{"line":20,"column":null}},"line":18},"1":{"name":"initDifficulty","decl":{"start":{"line":22,"column":16},"end":{"line":22,"column":31}},"loc":{"start":{"line":22,"column":53},"end":{"line":25,"column":null}},"line":22},"2":{"name":"nextDifficulty","decl":{"start":{"line":27,"column":16},"end":{"line":27,"column":31}},"loc":{"start":{"line":27,"column":64},"end":{"line":32,"column":null}},"line":27},"3":{"name":"retrievability","decl":{"start":{"line":34,"column":16},"end":{"line":34,"column":31}},"loc":{"start":{"line":34,"column":79},"end":{"line":36,"column":null}},"line":34},"4":{"name":"recallStability","decl":{"start":{"line":38,"column":16},"end":{"line":38,"column":32}},"loc":{"start":{"line":38,"column":87},"end":{"line":52,"column":null}},"line":38},"5":{"name":"forgetStability","decl":{"start":{"line":54,"column":16},"end":{"line":54,"column":32}},"loc":{"start":{"line":54,"column":73},"end":{"line":61,"column":null}},"line":54},"6":{"name":"scheduleCard","decl":{"start":{"line":63,"column":16},"end":{"line":63,"column":29}},"loc":{"start":{"line":63,"column":76},"end":{"line":105,"column":null}},"line":63},"7":{"name":"formatInterval","decl":{"start":{"line":107,"column":16},"end":{"line":107,"column":31}},"loc":{"start":{"line":107,"column":53},"end":{"line":113,"column":null}},"line":107}},"branchMap":{"0":{"loc":{"start":{"line":39,"column":22},"end":{"line":39,"column":null}},"type":"cond-expr","locations":[{"start":{"line":39,"column":36},"end":{"line":39,"column":44}},{"start":{"line":39,"column":44},"end":{"line":39,"column":null}}],"line":39},"1":{"loc":{"start":{"line":40,"column":20},"end":{"line":40,"column":null}},"type":"cond-expr","locations":[{"start":{"line":40,"column":34},"end":{"line":40,"column":42}},{"start":{"line":40,"column":42},"end":{"line":40,"column":null}}],"line":40},"2":{"loc":{"start":{"line":69,"column":2},"end":{"line":89,"column":null}},"type":"if","locations":[{"start":{"line":69,"column":2},"end":{"line":89,"column":null}},{"start":{"line":74,"column":2},"end":{"line":89,"column":null}}],"line":69},"3":{"loc":{"start":{"line":72,"column":19},"end":{"line":72,"column":null}},"type":"cond-expr","locations":[{"start":{"line":72,"column":33},"end":{"line":72,"column":37}},{"start":{"line":72,"column":37},"end":{"line":72,"column":null}}],"line":72},"4":{"loc":{"start":{"line":73,"column":18},"end":{"line":73,"column":null}},"type":"cond-expr","locations":[{"start":{"line":73,"column":32},"end":{"line":73,"column":36}},{"start":{"line":73,"column":36},"end":{"line":73,"column":null}}],"line":73},"5":{"loc":{"start":{"line":74,"column":2},"end":{"line":89,"column":null}},"type":"if","locations":[{"start":{"line":74,"column":2},"end":{"line":89,"column":null}},{"start":{"line":81,"column":9},"end":{"line":89,"column":null}}],"line":74},"6":{"loc":{"start":{"line":93,"column":2},"end":{"line":96,"column":null}},"type":"if","locations":[{"start":{"line":93,"column":2},"end":{"line":96,"column":null}},{"start":{},"end":{}}],"line":93},"7":{"loc":{"start":{"line":108,"column":2},"end":{"line":108,"column":null}},"type":"if","locations":[{"start":{"line":108,"column":2},"end":{"line":108,"column":null}},{"start":{},"end":{}}],"line":108},"8":{"loc":{"start":{"line":109,"column":2},"end":{"line":109,"column":null}},"type":"if","locations":[{"start":{"line":109,"column":2},"end":{"line":109,"column":null}},{"start":{},"end":{}}],"line":109},"9":{"loc":{"start":{"line":110,"column":2},"end":{"line":110,"column":null}},"type":"if","locations":[{"start":{"line":110,"column":2},"end":{"line":110,"column":null}},{"start":{},"end":{}}],"line":110},"10":{"loc":{"start":{"line":111,"column":2},"end":{"line":111,"column":null}},"type":"if","locations":[{"start":{"line":111,"column":2},"end":{"line":111,"column":null}},{"start":{},"end":{}}],"line":111}},"s":{"0":1,"1":1,"2":21,"3":10,"4":10,"5":4,"6":4,"7":4,"8":4,"9":3,"10":5,"11":5,"12":5,"13":5,"14":5,"15":2,"16":6,"17":4,"18":4,"19":4,"20":4,"21":2,"22":1,"23":1,"24":1,"25":1,"26":1,"27":1,"28":1,"29":1,"30":1,"31":1,"32":1,"33":1,"34":6,"35":6,"36":6,"37":2,"38":6,"39":7,"40":1,"41":6,"42":1,"43":5,"44":1,"45":4,"46":2,"47":2},"f":{"0":21,"1":10,"2":4,"3":3,"4":5,"5":2,"6":6,"7":7},"b":{"0":[1,4],"1":[1,4],"2":[4,2],"3":[1,3],"4":[1,3],"5":[1,1],"6":[2,4],"7":[1,6],"8":[1,5],"9":[1,4],"10":[2,2]},"meta":{"lastBranch":11,"lastFunction":8,"lastStatement":48,"seen":{"s:3:20:6:Infinity":0,"s:8:22:8:Infinity":1,"f:18:16:18:32":0,"s:19:2:19:Infinity":2,"f:22:16:22:31":1,"s:23:12:23:Infinity":3,"s:24:2:24:Infinity":4,"f:27:16:27:31":2,"s:28:13:28:Infinity":5,"s:29:17:29:Infinity":6,"s:30:23:30:Infinity":7,"s:31:2:31:Infinity":8,"f:34:16:34:31":3,"s:35:2:35:Infinity":9,"f:38:16:38:32":4,"s:39:22:39:Infinity":10,"b:39:36:39:44:39:44:39:Infinity":0,"s:40:20:40:Infinity":11,"b:40:34:40:42:40:42:40:Infinity":1,"s:41:24:41:Infinity":12,"s:43:4:50:Infinity":13,"s:51:2:51:Infinity":14,"f:54:16:54:32":5,"s:55:2:59:Infinity":15,"f:63:16:63:29":6,"b:69:2:89:Infinity:74:2:89:Infinity":2,"s:69:2:89:Infinity":16,"s:70:4:70:Infinity":17,"s:71:4:71:Infinity":18,"s:72:4:72:Infinity":19,"b:72:33:72:37:72:37:72:Infinity":3,"s:73:4:73:Infinity":20,"b:73:32:73:36:73:36:73:Infinity":4,"b:74:2:89:Infinity:81:9:89:Infinity":5,"s:74:2:89:Infinity":21,"s:76:14:76:Infinity":22,"s:77:4:77:Infinity":23,"s:78:4:78:Infinity":24,"s:79:4:79:Infinity":25,"s:80:4:80:Infinity":26,"s:82:24:82:Infinity":27,"s:83:14:83:Infinity":28,"s:84:14:84:Infinity":29,"s:85:4:85:Infinity":30,"s:86:4:86:Infinity":31,"s:87:4:87:Infinity":32,"s:88:4:88:Infinity":33,"s:91:21:91:Infinity":34,"s:92:2:92:Infinity":35,"b:93:2:96:Infinity:undefined:undefined:undefined:undefined":6,"s:93:2:96:Infinity":36,"s:95:4:95:Infinity":37,"s:98:2:104:Infinity":38,"f:107:16:107:31":7,"b:108:2:108:Infinity:undefined:undefined:undefined:undefined":7,"s:108:2:108:Infinity":39,"s:108:18:108:Infinity":40,"b:109:2:109:Infinity:undefined:undefined:undefined:undefined":8,"s:109:2:109:Infinity":41,"s:109:18:109:Infinity":42,"b:110:2:110:Infinity:undefined:undefined:undefined:undefined":9,"s:110:2:110:Infinity":43,"s:110:17:110:Infinity":44,"b:111:2:111:Infinity:undefined:undefined:undefined:undefined":10,"s:111:2:111:Infinity":45,"s:111:18:111:Infinity":46,"s:112:2:112:Infinity":47},"fnNames":{}}}
,"/app/applet/src/utils/gardenData.ts": {"path":"/app/applet/src/utils/gardenData.ts","statementMap":{"0":{"start":{"line":19,"column":72},"end":{"line":140,"column":null}},"1":{"start":{"line":142,"column":29},"end":{"line":178,"column":null}},"2":{"start":{"line":180,"column":28},"end":{"line":180,"column":null}},"3":{"start":{"line":182,"column":68},"end":{"line":191,"column":null}},"4":{"start":{"line":195,"column":15},"end":{"line":195,"column":null}},"5":{"start":{"line":196,"column":2},"end":{"line":210,"column":null}},"6":{"start":{"line":197,"column":4},"end":{"line":197,"column":null}},"7":{"start":{"line":197,"column":21},"end":{"line":197,"column":null}},"8":{"start":{"line":198,"column":4},"end":{"line":198,"column":null}},"9":{"start":{"line":198,"column":21},"end":{"line":198,"column":null}},"10":{"start":{"line":199,"column":4},"end":{"line":199,"column":null}},"11":{"start":{"line":199,"column":21},"end":{"line":199,"column":null}},"12":{"start":{"line":200,"column":4},"end":{"line":200,"column":null}},"13":{"start":{"line":201,"column":2},"end":{"line":210,"column":null}},"14":{"start":{"line":202,"column":4},"end":{"line":202,"column":null}},"15":{"start":{"line":202,"column":20},"end":{"line":202,"column":null}},"16":{"start":{"line":203,"column":4},"end":{"line":203,"column":null}},"17":{"start":{"line":203,"column":20},"end":{"line":203,"column":null}},"18":{"start":{"line":204,"column":4},"end":{"line":204,"column":null}},"19":{"start":{"line":204,"column":20},"end":{"line":204,"column":null}},"20":{"start":{"line":205,"column":4},"end":{"line":205,"column":null}},"21":{"start":{"line":207,"column":4},"end":{"line":207,"column":null}},"22":{"start":{"line":207,"column":20},"end":{"line":207,"column":null}},"23":{"start":{"line":208,"column":4},"end":{"line":208,"column":null}},"24":{"start":{"line":208,"column":20},"end":{"line":208,"column":null}},"25":{"start":{"line":209,"column":4},"end":{"line":209,"column":null}},"26":{"start":{"line":214,"column":28},"end":{"line":214,"column":null}},"27":{"start":{"line":217,"column":26},"end":{"line":217,"column":null}},"28":{"start":{"line":219,"column":2},"end":{"line":230,"column":null}},"29":{"start":{"line":219,"column":15},"end":{"line":219,"column":18}},"30":{"start":{"line":220,"column":23},"end":{"line":220,"column":null}},"31":{"start":{"line":222,"column":31},"end":{"line":222,"column":null}},"32":{"start":{"line":223,"column":23},"end":{"line":223,"column":null}},"33":{"start":{"line":225,"column":4},"end":{"line":229,"column":null}},"34":{"start":{"line":233,"column":24},"end":{"line":233,"column":null}},"35":{"start":{"line":234,"column":35},"end":{"line":244,"column":null}},"36":{"start":{"line":246,"column":2},"end":{"line":246,"column":null}},"37":{"start":{"line":248,"column":2},"end":{"line":262,"column":null}},"38":{"start":{"line":265,"column":27},"end":{"line":265,"column":null}},"39":{"start":{"line":268,"column":2},"end":{"line":282,"column":null}},"40":{"start":{"line":269,"column":18},"end":{"line":269,"column":null}},"41":{"start":{"line":270,"column":4},"end":{"line":281,"column":null}},"42":{"start":{"line":271,"column":21},"end":{"line":271,"column":null}},"43":{"start":{"line":273,"column":6},"end":{"line":280,"column":null}},"44":{"start":{"line":274,"column":8},"end":{"line":279,"column":null}},"45":{"start":{"line":283,"column":2},"end":{"line":283,"column":null}},"46":{"start":{"line":287,"column":2},"end":{"line":289,"column":null}},"47":{"start":{"line":288,"column":4},"end":{"line":288,"column":null}},"48":{"start":{"line":292,"column":91},"end":{"line":298,"column":null}}},"fnMap":{"0":{"name":"getRandomSeedDrop","decl":{"start":{"line":193,"column":16},"end":{"line":193,"column":34}},"loc":{"start":{"line":193,"column":98},"end":{"line":211,"column":null}},"line":193},"1":{"name":"getInitialGardenState","decl":{"start":{"line":213,"column":16},"end":{"line":213,"column":53}},"loc":{"start":{"line":213,"column":53},"end":{"line":263,"column":null}},"line":213},"2":{"name":"loadGardenState","decl":{"start":{"line":267,"column":16},"end":{"line":267,"column":47}},"loc":{"start":{"line":267,"column":47},"end":{"line":284,"column":null}},"line":267},"3":{"name":"saveGardenState","decl":{"start":{"line":286,"column":16},"end":{"line":286,"column":32}},"loc":{"start":{"line":286,"column":52},"end":{"line":290,"column":null}},"line":286}},"branchMap":{"0":{"loc":{"start":{"line":196,"column":2},"end":{"line":210,"column":null}},"type":"if","locations":[{"start":{"line":196,"column":2},"end":{"line":210,"column":null}},{"start":{"line":201,"column":2},"end":{"line":210,"column":null}}],"line":196},"1":{"loc":{"start":{"line":197,"column":4},"end":{"line":197,"column":null}},"type":"if","locations":[{"start":{"line":197,"column":4},"end":{"line":197,"column":null}},{"start":{},"end":{}}],"line":197},"2":{"loc":{"start":{"line":198,"column":4},"end":{"line":198,"column":null}},"type":"if","locations":[{"start":{"line":198,"column":4},"end":{"line":198,"column":null}},{"start":{},"end":{}}],"line":198},"3":{"loc":{"start":{"line":199,"column":4},"end":{"line":199,"column":null}},"type":"if","locations":[{"start":{"line":199,"column":4},"end":{"line":199,"column":null}},{"start":{},"end":{}}],"line":199},"4":{"loc":{"start":{"line":201,"column":2},"end":{"line":210,"column":null}},"type":"if","locations":[{"start":{"line":201,"column":2},"end":{"line":210,"column":null}},{"start":{"line":206,"column":9},"end":{"line":210,"column":null}}],"line":201},"5":{"loc":{"start":{"line":202,"column":4},"end":{"line":202,"column":null}},"type":"if","locations":[{"start":{"line":202,"column":4},"end":{"line":202,"column":null}},{"start":{},"end":{}}],"line":202},"6":{"loc":{"start":{"line":203,"column":4},"end":{"line":203,"column":null}},"type":"if","locations":[{"start":{"line":203,"column":4},"end":{"line":203,"column":null}},{"start":{},"end":{}}],"line":203},"7":{"loc":{"start":{"line":204,"column":4},"end":{"line":204,"column":null}},"type":"if","locations":[{"start":{"line":204,"column":4},"end":{"line":204,"column":null}},{"start":{},"end":{}}],"line":204},"8":{"loc":{"start":{"line":207,"column":4},"end":{"line":207,"column":null}},"type":"if","locations":[{"start":{"line":207,"column":4},"end":{"line":207,"column":null}},{"start":{},"end":{}}],"line":207},"9":{"loc":{"start":{"line":208,"column":4},"end":{"line":208,"column":null}},"type":"if","locations":[{"start":{"line":208,"column":4},"end":{"line":208,"column":null}},{"start":{},"end":{}}],"line":208},"10":{"loc":{"start":{"line":223,"column":23},"end":{"line":223,"column":null}},"type":"cond-expr","locations":[{"start":{"line":223,"column":36},"end":{"line":223,"column":40}},{"start":{"line":223,"column":40},"end":{"line":223,"column":null}}],"line":223},"11":{"loc":{"start":{"line":270,"column":4},"end":{"line":281,"column":null}},"type":"if","locations":[{"start":{"line":270,"column":4},"end":{"line":281,"column":null}},{"start":{},"end":{}}],"line":270},"12":{"loc":{"start":{"line":273,"column":6},"end":{"line":280,"column":null}},"type":"if","locations":[{"start":{"line":273,"column":6},"end":{"line":280,"column":null}},{"start":{},"end":{}}],"line":273},"13":{"loc":{"start":{"line":273,"column":10},"end":{"line":273,"column":77}},"type":"binary-expr","locations":[{"start":{"line":273,"column":10},"end":{"line":273,"column":41}},{"start":{"line":273,"column":41},"end":{"line":273,"column":77}}],"line":273},"14":{"loc":{"start":{"line":276,"column":24},"end":{"line":276,"column":null}},"type":"cond-expr","locations":[{"start":{"line":276,"column":66},"end":{"line":276,"column":88}},{"start":{"line":276,"column":88},"end":{"line":276,"column":null}}],"line":276},"15":{"loc":{"start":{"line":277,"column":25},"end":{"line":277,"column":null}},"type":"cond-expr","locations":[{"start":{"line":277,"column":48},"end":{"line":277,"column":105}},{"start":{"line":277,"column":105},"end":{"line":277,"column":null}}],"line":277},"16":{"loc":{"start":{"line":278,"column":30},"end":{"line":278,"column":null}},"type":"cond-expr","locations":[{"start":{"line":278,"column":78},"end":{"line":278,"column":106}},{"start":{"line":278,"column":106},"end":{"line":278,"column":null}}],"line":278}},"s":{"0":1,"1":1,"2":1,"3":1,"4":11,"5":11,"6":4,"7":1,"8":3,"9":1,"10":2,"11":1,"12":1,"13":7,"14":4,"15":1,"16":3,"17":1,"18":2,"19":1,"20":1,"21":3,"22":1,"23":2,"24":1,"25":1,"26":11,"27":11,"28":11,"29":11,"30":176,"31":176,"32":176,"33":176,"34":11,"35":11,"36":11,"37":11,"38":1,"39":7,"40":7,"41":7,"42":5,"43":5,"44":2,"45":5,"46":2,"47":2,"48":1},"f":{"0":11,"1":11,"2":7,"3":2},"b":{"0":[4,7],"1":[1,3],"2":[1,2],"3":[1,1],"4":[4,3],"5":[1,3],"6":[1,2],"7":[1,1],"8":[1,2],"9":[1,1],"10":[44,132],"11":[5,2],"12":[2,3],"13":[5,3],"14":[1,1],"15":[1,1],"16":[1,1]},"meta":{"lastBranch":17,"lastFunction":4,"lastStatement":49,"seen":{"s:19:72:140:Infinity":0,"s:142:29:178:Infinity":1,"s:180:28:180:Infinity":2,"s:182:68:191:Infinity":3,"f:193:16:193:34":0,"s:195:15:195:Infinity":4,"b:196:2:210:Infinity:201:2:210:Infinity":0,"s:196:2:210:Infinity":5,"b:197:4:197:Infinity:undefined:undefined:undefined:undefined":1,"s:197:4:197:Infinity":6,"s:197:21:197:Infinity":7,"b:198:4:198:Infinity:undefined:undefined:undefined:undefined":2,"s:198:4:198:Infinity":8,"s:198:21:198:Infinity":9,"b:199:4:199:Infinity:undefined:undefined:undefined:undefined":3,"s:199:4:199:Infinity":10,"s:199:21:199:Infinity":11,"s:200:4:200:Infinity":12,"b:201:2:210:Infinity:206:9:210:Infinity":4,"s:201:2:210:Infinity":13,"b:202:4:202:Infinity:undefined:undefined:undefined:undefined":5,"s:202:4:202:Infinity":14,"s:202:20:202:Infinity":15,"b:203:4:203:Infinity:undefined:undefined:undefined:undefined":6,"s:203:4:203:Infinity":16,"s:203:20:203:Infinity":17,"b:204:4:204:Infinity:undefined:undefined:undefined:undefined":7,"s:204:4:204:Infinity":18,"s:204:20:204:Infinity":19,"s:205:4:205:Infinity":20,"b:207:4:207:Infinity:undefined:undefined:undefined:undefined":8,"s:207:4:207:Infinity":21,"s:207:20:207:Infinity":22,"b:208:4:208:Infinity:undefined:undefined:undefined:undefined":9,"s:208:4:208:Infinity":23,"s:208:20:208:Infinity":24,"s:209:4:209:Infinity":25,"f:213:16:213:53":1,"s:214:28:214:Infinity":26,"s:217:26:217:Infinity":27,"s:219:2:230:Infinity":28,"s:219:15:219:18":29,"s:220:23:220:Infinity":30,"s:222:31:222:Infinity":31,"s:223:23:223:Infinity":32,"b:223:36:223:40:223:40:223:Infinity":10,"s:225:4:229:Infinity":33,"s:233:24:233:Infinity":34,"s:234:35:244:Infinity":35,"s:246:2:246:Infinity":36,"s:248:2:262:Infinity":37,"s:265:27:265:Infinity":38,"f:267:16:267:47":2,"s:268:2:282:Infinity":39,"s:269:18:269:Infinity":40,"b:270:4:281:Infinity:undefined:undefined:undefined:undefined":11,"s:270:4:281:Infinity":41,"s:271:21:271:Infinity":42,"b:273:6:280:Infinity:undefined:undefined:undefined:undefined":12,"s:273:6:280:Infinity":43,"b:273:10:273:41:273:41:273:77":13,"s:274:8:279:Infinity":44,"b:276:66:276:88:276:88:276:Infinity":14,"b:277:48:277:105:277:105:277:Infinity":15,"b:278:78:278:106:278:106:278:Infinity":16,"s:283:2:283:Infinity":45,"f:286:16:286:32":3,"s:287:2:289:Infinity":46,"s:288:4:288:Infinity":47,"s:292:91:298:Infinity":48},"fnNames":{}}}
}
